c:\users\ilya\source\repos\lab 5 . 3 sem\x64\debug\vc143.pdb
c:\users\ilya\source\repos\lab 5 . 3 sem\x64\debug\vc143.idb
c:\users\ilya\source\repos\lab 5 . 3 sem\x64\debug\unionmember.obj
c:\users\ilya\source\repos\lab 5 . 3 sem\x64\debug\teacherunionmember.obj
c:\users\ilya\source\repos\lab 5 . 3 sem\x64\debug\teacher.obj
c:\users\ilya\source\repos\lab 5 . 3 sem\x64\debug\main.obj
c:\users\ilya\source\repos\lab 5 . 3 sem\x64\debug\inputerror.obj
c:\users\ilya\source\repos\lab 5 . 3 sem\x64\debug\human.obj
c:\users\ilya\source\repos\lab 5 . 3 sem\x64\debug\exeption.obj
c:\users\ilya\source\repos\lab 5 . 3 sem\x64\debug\errors.obj
c:\users\ilya\source\repos\lab 5 . 3 sem\x64\debug\lab 5 . 3 sem.ilk
c:\users\ilya\source\repos\lab 5 . 3 sem\x64\debug\lab 5 . 3 sem.exe
c:\users\ilya\source\repos\lab 5 . 3 sem\x64\debug\lab 5 . 3 sem.pdb
c:\users\ilya\source\repos\lab 5 . 3 sem\x64\debug\lab 5 . 3 sem.tlog\cl.command.1.tlog
c:\users\ilya\source\repos\lab 5 . 3 sem\x64\debug\lab 5 . 3 sem.tlog\cl.items.tlog
c:\users\ilya\source\repos\lab 5 . 3 sem\x64\debug\lab 5 . 3 sem.tlog\cl.read.1.tlog
c:\users\ilya\source\repos\lab 5 . 3 sem\x64\debug\lab 5 . 3 sem.tlog\cl.write.1.tlog
c:\users\ilya\source\repos\lab 5 . 3 sem\x64\debug\lab 5 . 3 sem.tlog\link.command.1.tlog
c:\users\ilya\source\repos\lab 5 . 3 sem\x64\debug\lab 5 . 3 sem.tlog\link.read.1.tlog
c:\users\ilya\source\repos\lab 5 . 3 sem\x64\debug\lab 5 . 3 sem.tlog\link.write.1.tlog
