d:\user\учёба\3 сем\с++\лабы\course work\x64\debug\vc143.pdb
d:\user\учёба\3 сем\с++\лабы\course work\x64\debug\vc143.idb
d:\user\учёба\3 сем\с++\лабы\course work\x64\debug\zaim.obj
d:\user\учёба\3 сем\с++\лабы\course work\x64\debug\yrliz.obj
d:\user\учёба\3 сем\с++\лабы\course work\x64\debug\vklad.obj
d:\user\учёба\3 сем\с++\лабы\course work\x64\debug\textfile.obj
d:\user\учёба\3 сем\с++\лабы\course work\x64\debug\stackotmena.obj
d:\user\учёба\3 сем\с++\лабы\course work\x64\debug\schet.obj
d:\user\учёба\3 сем\с++\лабы\course work\x64\debug\ringlist.obj
d:\user\учёба\3 сем\с++\лабы\course work\x64\debug\main.obj
d:\user\учёба\3 сем\с++\лабы\course work\x64\debug\kredit.obj
d:\user\учёба\3 сем\с++\лабы\course work\x64\debug\klient.obj
d:\user\учёба\3 сем\с++\лабы\course work\x64\debug\interface.obj
d:\user\учёба\3 сем\с++\лабы\course work\x64\debug\inputerror.obj
d:\user\учёба\3 сем\с++\лабы\course work\x64\debug\fizliz.obj
d:\user\учёба\3 сем\с++\лабы\course work\x64\debug\exeption.obj
d:\user\учёба\3 сем\с++\лабы\course work\x64\debug\errors.obj
d:\user\учёба\3 сем\с++\лабы\course work\x64\debug\algorithm.obj
d:\user\учёба\3 сем\с++\лабы\course work\x64\debug\akvair.obj
d:\user\учёба\3 сем\с++\лабы\course work\x64\debug\course work.ilk
d:\user\учёба\3 сем\с++\лабы\course work\x64\debug\course work.exe
d:\user\учёба\3 сем\с++\лабы\course work\x64\debug\course work.pdb
d:\user\учёба\3 сем\с++\лабы\course work\x64\debug\course work.tlog\cl.command.1.tlog
d:\user\учёба\3 сем\с++\лабы\course work\x64\debug\course work.tlog\cl.items.tlog
d:\user\учёба\3 сем\с++\лабы\course work\x64\debug\course work.tlog\cl.read.1.tlog
d:\user\учёба\3 сем\с++\лабы\course work\x64\debug\course work.tlog\cl.write.1.tlog
d:\user\учёба\3 сем\с++\лабы\course work\x64\debug\course work.tlog\link.command.1.tlog
d:\user\учёба\3 сем\с++\лабы\course work\x64\debug\course work.tlog\link.read.1.tlog
d:\user\учёба\3 сем\с++\лабы\course work\x64\debug\course work.tlog\link.write.1.tlog
