d:\source\lab 6 . 3 sem\lab 6 . 3 sem\x64\debug\vc143.pdb
d:\source\lab 6 . 3 sem\lab 6 . 3 sem\x64\debug\vc143.idb
d:\source\lab 6 . 3 sem\lab 6 . 3 sem\x64\debug\unionmember.obj
d:\source\lab 6 . 3 sem\lab 6 . 3 sem\x64\debug\txtfile.obj
d:\source\lab 6 . 3 sem\lab 6 . 3 sem\x64\debug\teacherunionmember.obj
d:\source\lab 6 . 3 sem\lab 6 . 3 sem\x64\debug\teacher.obj
d:\source\lab 6 . 3 sem\lab 6 . 3 sem\x64\debug\ringlist.obj
d:\source\lab 6 . 3 sem\lab 6 . 3 sem\x64\debug\menu.obj
d:\source\lab 6 . 3 sem\lab 6 . 3 sem\x64\debug\main.obj
d:\source\lab 6 . 3 sem\lab 6 . 3 sem\x64\debug\inputerror.obj
d:\source\lab 6 . 3 sem\lab 6 . 3 sem\x64\debug\human.obj
d:\source\lab 6 . 3 sem\lab 6 . 3 sem\x64\debug\exeption.obj
d:\source\lab 6 . 3 sem\lab 6 . 3 sem\x64\debug\error_file.obj
d:\source\lab 6 . 3 sem\lab 6 . 3 sem\x64\debug\errors.obj
d:\source\lab 6 . 3 sem\lab 6 . 3 sem\x64\debug\algorithm.obj
d:\source\lab 6 . 3 sem\lab 6 . 3 sem\x64\debug\lab 7 . 3 sem.ilk
d:\source\lab 6 . 3 sem\x64\debug\lab 7 . 3 sem.exe
d:\source\lab 6 . 3 sem\x64\debug\lab 7 . 3 sem.pdb
d:\source\lab 6 . 3 sem\lab 6 . 3 sem\x64\debug\lab 7 . 3 sem.tlog\cl.command.1.tlog
d:\source\lab 6 . 3 sem\lab 6 . 3 sem\x64\debug\lab 7 . 3 sem.tlog\cl.items.tlog
d:\source\lab 6 . 3 sem\lab 6 . 3 sem\x64\debug\lab 7 . 3 sem.tlog\cl.read.1.tlog
d:\source\lab 6 . 3 sem\lab 6 . 3 sem\x64\debug\lab 7 . 3 sem.tlog\cl.write.1.tlog
d:\source\lab 6 . 3 sem\lab 6 . 3 sem\x64\debug\lab 7 . 3 sem.tlog\link.command.1.tlog
d:\source\lab 6 . 3 sem\lab 6 . 3 sem\x64\debug\lab 7 . 3 sem.tlog\link.read.1.tlog
d:\source\lab 6 . 3 sem\lab 6 . 3 sem\x64\debug\lab 7 . 3 sem.tlog\link.write.1.tlog
